<?xml version="1.0" encoding="UTF-8"?>
<!-- Generated by org.testng.reporters.JUnitReportReporter -->
<testsuite skipped="0" hostname="DESKTOP-MMJC98U" name="Test.TestNgBasics" tests="3" failures="0" timestamp="05 Jul 2019 02:54:02 GMT" time="0.013" errors="0">
  <testcase name="googleLogoTest" time="0.006" classname="Test.TestNgBasics"/>
  <testcase name="googleTitleTest" time="0.004" classname="Test.TestNgBasics"/>
  <testcase name="searchTest" time="0.003" classname="Test.TestNgBasics"/>
</testsuite> <!-- Test.TestNgBasics -->
