<?xml version="1.0" encoding="UTF-8"?>
<!-- Generated by org.testng.reporters.JUnitReportReporter -->
<testsuite skipped="0" hostname="DESKTOP-MMJC98U" name="Test.GoogleTest" tests="6" failures="0" timestamp="05 Jul 2019 03:06:45 GMT" time="40.801" errors="0">
  <testcase name="googleTitleTest" time="6.131" classname="Test.GoogleTest"/>
  <testcase name="mailLinkTest" time="6.552" classname="Test.GoogleTest"/>
  <testcase name="googleLogoTest" time="7.883" classname="Test.GoogleTest"/>
  <testcase name="test1" time="6.364" classname="Test.GoogleTest"/>
  <testcase name="test2" time="7.455" classname="Test.GoogleTest"/>
  <testcase name="test3" time="6.416" classname="Test.GoogleTest"/>
</testsuite> <!-- Test.GoogleTest -->
